This is e-pTeX, Version 3.1415926-p3.3-110825-2.4 (utf8.euc) (TeX Live 2012) (format=platex 2012.6.30)  7 DEC 2014 23:07
entering extended mode
 restricted \write18 enabled.
 %&-line parsing enabled.
**1210.tex
(./1210.tex
pLaTeX2e <2006/11/10> (based on LaTeX2e <2011/06/27> patch level 0)
Babel <v3.8m> and hyphenation patterns for english, dumylang, nohyphenation, ge
rman-x-2012-05-30, ngerman-x-2012-05-30, afrikaans, ancientgreek, ibycus, arabi
c, armenian, basque, bulgarian, catalan, pinyin, coptic, croatian, czech, danis
h, dutch, ukenglish, usenglishmax, esperanto, estonian, ethiopic, farsi, finnis
h, french, friulan, galician, german, ngerman, swissgerman, monogreek, greek, h
ungarian, icelandic, assamese, bengali, gujarati, hindi, kannada, malayalam, ma
rathi, oriya, panjabi, tamil, telugu, indonesian, interlingua, irish, italian, 
kurmanji, latin, latvian, lithuanian, mongolian, mongolianlmc, bokmal, nynorsk,
 polish, portuguese, romanian, romansh, russian, sanskrit, serbian, serbianc, s
lovak, slovenian, spanish, swedish, turkish, turkmen, ukrainian, uppersorbian, 
welsh, loaded.
(/usr/local/texlive/2012/texmf-dist/tex/platex/jsclasses/jsarticle.cls
Document Class: jsarticle 2010/03/14 okumura
(/usr/local/texlive/2012/texmf-dist/tex/latex/base/fleqn.clo
File: fleqn.clo 1998/08/17 v1.1c Standard LaTeX option (flush left equations)
\mathindent=\dimen118
)
LaTeX Info: Redefining \rmfamily on input line 332.
LaTeX Info: Redefining \sffamily on input line 335.
LaTeX Info: Redefining \ttfamily on input line 338.
\symmincho=\mathgroup4
LaTeX Font Info:    Overwriting symbol font `mincho' in version `bold'
(Font)                  JY1/mc/m/n --> JY1/gt/m/n on input line 403.
LaTeX Font Info:    Font shape `JT1/mc/m/n' will be
(Font)              scaled to size 9.60999pt on input line 592.
LaTeX Font Info:    Font shape `JY1/mc/m/n' will be
(Font)              scaled to size 9.60999pt on input line 592.
\fullwidth=\dimen119
LaTeX Font Info:    Font shape `JT1/mc/m/n' will be
(Font)              scaled to size 7.68799pt on input line 739.
LaTeX Font Info:    Font shape `JY1/mc/m/n' will be
(Font)              scaled to size 7.68799pt on input line 739.
\c@part=\count81
\c@section=\count82
\c@subsection=\count83
\c@subsubsection=\count84
\c@paragraph=\count85
\c@subparagraph=\count86
\@abstractbox=\box41
\c@figure=\count87
\c@table=\count88
\abovecaptionskip=\skip41
\belowcaptionskip=\skip42
\@lnumwidth=\dimen120
\bibindent=\dimen121
LaTeX Info: Redefining \TeX on input line 1693.
LaTeX Info: Redefining \LaTeX on input line 1719.
LaTeX Info: Redefining \LaTeXe on input line 1744.
\heisei=\count89
)
(/usr/local/texlive/2012/texmf-dist/tex/latex/amsmath/amsmath.sty
Package: amsmath 2000/07/18 v2.13 AMS math features
\@mathmargin=\skip43

For additional information on amsmath, use the `?' option.
(/usr/local/texlive/2012/texmf-dist/tex/latex/amsmath/amstext.sty
Package: amstext 2000/06/29 v2.01

(/usr/local/texlive/2012/texmf-dist/tex/latex/amsmath/amsgen.sty
File: amsgen.sty 1999/11/30 v2.0
\@emptytoks=\toks15
\ex@=\dimen122
))
(/usr/local/texlive/2012/texmf-dist/tex/latex/amsmath/amsbsy.sty
Package: amsbsy 1999/11/29 v1.2d
\pmbraise@=\dimen123
)
(/usr/local/texlive/2012/texmf-dist/tex/latex/amsmath/amsopn.sty
Package: amsopn 1999/12/14 v2.01 operator names
)
\inf@bad=\count90
LaTeX Info: Redefining \frac on input line 211.
\uproot@=\count91
\leftroot@=\count92
LaTeX Info: Redefining \overline on input line 307.
\classnum@=\count93
\DOTSCASE@=\count94
LaTeX Info: Redefining \ldots on input line 379.
LaTeX Info: Redefining \dots on input line 382.
LaTeX Info: Redefining \cdots on input line 467.
\Mathstrutbox@=\box42
\strutbox@=\box43
\big@size=\dimen124
LaTeX Font Info:    Redeclaring font encoding OML on input line 567.
LaTeX Font Info:    Redeclaring font encoding OMS on input line 568.
\macc@depth=\count95
\c@MaxMatrixCols=\count96
\dotsspace@=\muskip10
\c@parentequation=\count97
\dspbrk@lvl=\count98
\tag@help=\toks16
\row@=\count99
\column@=\count100
\maxfields@=\count101
\andhelp@=\toks17
\eqnshift@=\dimen125
\alignsep@=\dimen126
\tagshift@=\dimen127
\tagwidth@=\dimen128
\totwidth@=\dimen129
\lineht@=\dimen130
\@envbody=\toks18
\multlinegap=\skip44
\multlinetaggap=\skip45
\mathdisplay@stack=\toks19
LaTeX Info: Redefining \[ on input line 2666.
LaTeX Info: Redefining \] on input line 2667.
)
(/usr/local/texlive/2012/texmf-dist/tex/platex/base/ascmac.sty
(/usr/local/texlive/2012/texmf-dist/tex/platex/base/tascmac.sty
\@savetbaselineshift=\dimen131
\@saveybaselineshift=\dimen132
\scb@x=\box44
\scscb@x=\box45
\@bw=\dimen133
\@nbox=\box46
\@nbody=\box47
\@scw=\dimen134
\@itemh=\dimen135
\@iboxpos=\toks20
\@iboxstr=\box48
\@bwsp=\box49
\@@bwsp=\box50
\@bcal=\count102
\shaderule=\dimen136
))
(/usr/local/texlive/2012/texmf-dist/tex/latex/pgf/frontendlayer/tikz.sty
(/usr/local/texlive/2012/texmf-dist/tex/latex/pgf/basiclayer/pgf.sty
(/usr/local/texlive/2012/texmf-dist/tex/latex/pgf/utilities/pgfrcs.sty
(/usr/local/texlive/2012/texmf-dist/tex/generic/pgf/utilities/pgfutil-common.te
x
\pgfutil@everybye=\toks21
)
(/usr/local/texlive/2012/texmf-dist/tex/generic/pgf/utilities/pgfutil-latex.def
\pgfutil@abb=\box51
(/usr/local/texlive/2012/texmf-dist/tex/latex/ms/everyshi.sty
Package: everyshi 2001/05/15 v3.00 EveryShipout Package (MS)
))
(/usr/local/texlive/2012/texmf-dist/tex/generic/pgf/utilities/pgfrcs.code.tex
Package: pgfrcs 2010/10/25 v2.10 (rcs-revision 1.24)
))
Package: pgf 2008/01/15 v2.10 (rcs-revision 1.12)
(/usr/local/texlive/2012/texmf-dist/tex/latex/pgf/basiclayer/pgfcore.sty
(/usr/local/texlive/2012/texmf-dist/tex/latex/graphics/graphicx.sty
Package: graphicx 1999/02/16 v1.0f Enhanced LaTeX Graphics (DPC,SPQR)

(/usr/local/texlive/2012/texmf-dist/tex/latex/graphics/keyval.sty
Package: keyval 1999/03/16 v1.13 key=value parser (DPC)
\KV@toks@=\toks22
)
(/usr/local/texlive/2012/texmf-dist/tex/latex/graphics/graphics.sty
Package: graphics 2009/02/05 v1.0o Standard LaTeX Graphics (DPC,SPQR)

(/usr/local/texlive/2012/texmf-dist/tex/latex/graphics/trig.sty
Package: trig 1999/03/16 v1.09 sin cos tan (DPC)
)
(/usr/local/texlive/2012/texmf-dist/tex/latex/latexconfig/graphics.cfg
File: graphics.cfg 2010/04/23 v1.9 graphics configuration of TeX Live
)
Package graphics Info: Driver file: dvips.def on input line 91.

(/usr/local/texlive/2012/texmf-dist/tex/latex/graphics/dvips.def
File: dvips.def 1999/02/16 v3.0i Driver-dependant file (DPC,SPQR)
))
\Gin@req@height=\dimen137
\Gin@req@width=\dimen138
)
(/usr/local/texlive/2012/texmf-dist/tex/latex/pgf/systemlayer/pgfsys.sty
(/usr/local/texlive/2012/texmf-dist/tex/generic/pgf/systemlayer/pgfsys.code.tex
Package: pgfsys 2010/06/30 v2.10 (rcs-revision 1.37)
(/usr/local/texlive/2012/texmf-dist/tex/generic/pgf/utilities/pgfkeys.code.tex
\pgfkeys@pathtoks=\toks23
\pgfkeys@temptoks=\toks24

(/usr/local/texlive/2012/texmf-dist/tex/generic/pgf/utilities/pgfkeysfiltered.c
ode.tex
\pgfkeys@tmptoks=\toks25
))
\pgf@x=\dimen139
\pgf@y=\dimen140
\pgf@xa=\dimen141
\pgf@ya=\dimen142
\pgf@xb=\dimen143
\pgf@yb=\dimen144
\pgf@xc=\dimen145
\pgf@yc=\dimen146
\w@pgf@writea=\write3
\r@pgf@reada=\read1
\c@pgf@counta=\count103
\c@pgf@countb=\count104
\c@pgf@countc=\count105
\c@pgf@countd=\count106

(/usr/local/texlive/2012/texmf-dist/tex/generic/pgf/systemlayer/pgf.cfg
File: pgf.cfg 2008/05/14  (rcs-revision 1.7)
)
Package pgfsys Info: Driver file for pgf: pgfsys-dvips.def on input line 900.

(/usr/local/texlive/2012/texmf-dist/tex/generic/pgf/systemlayer/pgfsys-dvips.de
f
File: pgfsys-dvips.def 2008/04/03  (rcs-revision 1.20)

(/usr/local/texlive/2012/texmf-dist/tex/generic/pgf/systemlayer/pgfsys-common-p
ostscript.def
File: pgfsys-common-postscript.def 2008/10/01  (rcs-revision 1.22)
\pgf@objectcount=\count107
)))
(/usr/local/texlive/2012/texmf-dist/tex/generic/pgf/systemlayer/pgfsyssoftpath.
code.tex
File: pgfsyssoftpath.code.tex 2008/07/18  (rcs-revision 1.7)
\pgfsyssoftpath@smallbuffer@items=\count108
\pgfsyssoftpath@bigbuffer@items=\count109
)
(/usr/local/texlive/2012/texmf-dist/tex/generic/pgf/systemlayer/pgfsysprotocol.
code.tex
File: pgfsysprotocol.code.tex 2006/10/16  (rcs-revision 1.4)
)) (/usr/local/texlive/2012/texmf-dist/tex/latex/xcolor/xcolor.sty
Package: xcolor 2007/01/21 v2.11 LaTeX color extensions (UK)

(/usr/local/texlive/2012/texmf-dist/tex/latex/latexconfig/color.cfg
File: color.cfg 2007/01/18 v1.5 color configuration of teTeX/TeXLive
)
Package xcolor Info: Driver file: dvips.def on input line 225.
Package xcolor Info: Model `cmy' substituted by `cmy0' on input line 1337.
Package xcolor Info: Model `RGB' extended on input line 1353.
Package xcolor Info: Model `HTML' substituted by `rgb' on input line 1355.
Package xcolor Info: Model `Hsb' substituted by `hsb' on input line 1356.
Package xcolor Info: Model `tHsb' substituted by `hsb' on input line 1357.
Package xcolor Info: Model `HSB' substituted by `hsb' on input line 1358.
Package xcolor Info: Model `Gray' substituted by `gray' on input line 1359.
Package xcolor Info: Model `wave' substituted by `hsb' on input line 1360.
)
(/usr/local/texlive/2012/texmf-dist/tex/generic/pgf/basiclayer/pgfcore.code.tex
Package: pgfcore 2010/04/11 v2.10 (rcs-revision 1.7)
(/usr/local/texlive/2012/texmf-dist/tex/generic/pgf/math/pgfmath.code.tex
(/usr/local/texlive/2012/texmf-dist/tex/generic/pgf/math/pgfmathcalc.code.tex
(/usr/local/texlive/2012/texmf-dist/tex/generic/pgf/math/pgfmathutil.code.tex)
(/usr/local/texlive/2012/texmf-dist/tex/generic/pgf/math/pgfmathparser.code.tex
\pgfmath@dimen=\dimen147
\pgfmath@count=\count110
\pgfmath@box=\box52
\pgfmath@toks=\toks26
\pgfmath@stack@operand=\toks27
\pgfmath@stack@operation=\toks28
)
(/usr/local/texlive/2012/texmf-dist/tex/generic/pgf/math/pgfmathfunctions.code.
tex
(/usr/local/texlive/2012/texmf-dist/tex/generic/pgf/math/pgfmathfunctions.basic
.code.tex)
(/usr/local/texlive/2012/texmf-dist/tex/generic/pgf/math/pgfmathfunctions.trigo
nometric.code.tex)
(/usr/local/texlive/2012/texmf-dist/tex/generic/pgf/math/pgfmathfunctions.rando
m.code.tex)
(/usr/local/texlive/2012/texmf-dist/tex/generic/pgf/math/pgfmathfunctions.compa
rison.code.tex)
(/usr/local/texlive/2012/texmf-dist/tex/generic/pgf/math/pgfmathfunctions.base.
code.tex)
(/usr/local/texlive/2012/texmf-dist/tex/generic/pgf/math/pgfmathfunctions.round
.code.tex)
(/usr/local/texlive/2012/texmf-dist/tex/generic/pgf/math/pgfmathfunctions.misc.
code.tex)))
(/usr/local/texlive/2012/texmf-dist/tex/generic/pgf/math/pgfmathfloat.code.tex
\c@pgfmathroundto@lastzeros=\count111
))
(/usr/local/texlive/2012/texmf-dist/tex/generic/pgf/basiclayer/pgfcorepoints.co
de.tex
File: pgfcorepoints.code.tex 2010/04/09  (rcs-revision 1.20)
\pgf@picminx=\dimen148
\pgf@picmaxx=\dimen149
\pgf@picminy=\dimen150
\pgf@picmaxy=\dimen151
\pgf@pathminx=\dimen152
\pgf@pathmaxx=\dimen153
\pgf@pathminy=\dimen154
\pgf@pathmaxy=\dimen155
\pgf@xx=\dimen156
\pgf@xy=\dimen157
\pgf@yx=\dimen158
\pgf@yy=\dimen159
\pgf@zx=\dimen160
\pgf@zy=\dimen161
)
(/usr/local/texlive/2012/texmf-dist/tex/generic/pgf/basiclayer/pgfcorepathconst
ruct.code.tex
File: pgfcorepathconstruct.code.tex 2010/08/03  (rcs-revision 1.24)
\pgf@path@lastx=\dimen162
\pgf@path@lasty=\dimen163
)
(/usr/local/texlive/2012/texmf-dist/tex/generic/pgf/basiclayer/pgfcorepathusage
.code.tex
File: pgfcorepathusage.code.tex 2008/04/22  (rcs-revision 1.12)
\pgf@shorten@end@additional=\dimen164
\pgf@shorten@start@additional=\dimen165
)
(/usr/local/texlive/2012/texmf-dist/tex/generic/pgf/basiclayer/pgfcorescopes.co
de.tex
File: pgfcorescopes.code.tex 2010/09/08  (rcs-revision 1.34)
\pgfpic=\box53
\pgf@hbox=\box54
\pgf@layerbox@main=\box55
\pgf@picture@serial@count=\count112
)
(/usr/local/texlive/2012/texmf-dist/tex/generic/pgf/basiclayer/pgfcoregraphicst
ate.code.tex
File: pgfcoregraphicstate.code.tex 2008/04/22  (rcs-revision 1.9)
\pgflinewidth=\dimen166
)
(/usr/local/texlive/2012/texmf-dist/tex/generic/pgf/basiclayer/pgfcoretransform
ations.code.tex
File: pgfcoretransformations.code.tex 2009/06/10  (rcs-revision 1.11)
\pgf@pt@x=\dimen167
\pgf@pt@y=\dimen168
\pgf@pt@temp=\dimen169
)
(/usr/local/texlive/2012/texmf-dist/tex/generic/pgf/basiclayer/pgfcorequick.cod
e.tex
File: pgfcorequick.code.tex 2008/10/09  (rcs-revision 1.3)
)
(/usr/local/texlive/2012/texmf-dist/tex/generic/pgf/basiclayer/pgfcoreobjects.c
ode.tex
File: pgfcoreobjects.code.tex 2006/10/11  (rcs-revision 1.2)
)
(/usr/local/texlive/2012/texmf-dist/tex/generic/pgf/basiclayer/pgfcorepathproce
ssing.code.tex
File: pgfcorepathprocessing.code.tex 2008/10/09  (rcs-revision 1.8)
)
(/usr/local/texlive/2012/texmf-dist/tex/generic/pgf/basiclayer/pgfcorearrows.co
de.tex
File: pgfcorearrows.code.tex 2008/04/23  (rcs-revision 1.11)
)
(/usr/local/texlive/2012/texmf-dist/tex/generic/pgf/basiclayer/pgfcoreshade.cod
e.tex
File: pgfcoreshade.code.tex 2008/11/23  (rcs-revision 1.13)
\pgf@max=\dimen170
\pgf@sys@shading@range@num=\count113
)
(/usr/local/texlive/2012/texmf-dist/tex/generic/pgf/basiclayer/pgfcoreimage.cod
e.tex
File: pgfcoreimage.code.tex 2010/03/25  (rcs-revision 1.16)

(/usr/local/texlive/2012/texmf-dist/tex/generic/pgf/basiclayer/pgfcoreexternal.
code.tex
File: pgfcoreexternal.code.tex 2010/09/01  (rcs-revision 1.17)
\pgfexternal@startupbox=\box56
))
(/usr/local/texlive/2012/texmf-dist/tex/generic/pgf/basiclayer/pgfcorelayers.co
de.tex
File: pgfcorelayers.code.tex 2010/08/27  (rcs-revision 1.2)
)
(/usr/local/texlive/2012/texmf-dist/tex/generic/pgf/basiclayer/pgfcoretranspare
ncy.code.tex
File: pgfcoretransparency.code.tex 2008/01/17  (rcs-revision 1.2)
)
(/usr/local/texlive/2012/texmf-dist/tex/generic/pgf/basiclayer/pgfcorepatterns.
code.tex
File: pgfcorepatterns.code.tex 2009/07/02  (rcs-revision 1.3)
)))
(/usr/local/texlive/2012/texmf-dist/tex/generic/pgf/modules/pgfmoduleshapes.cod
e.tex
File: pgfmoduleshapes.code.tex 2010/09/09  (rcs-revision 1.13)
\pgfnodeparttextbox=\box57
)
(/usr/local/texlive/2012/texmf-dist/tex/generic/pgf/modules/pgfmoduleplot.code.
tex
File: pgfmoduleplot.code.tex 2010/10/22  (rcs-revision 1.8)
)
(/usr/local/texlive/2012/texmf-dist/tex/latex/pgf/compatibility/pgfcomp-version
-0-65.sty
Package: pgfcomp-version-0-65 2007/07/03 v2.10 (rcs-revision 1.7)
\pgf@nodesepstart=\dimen171
\pgf@nodesepend=\dimen172
)
(/usr/local/texlive/2012/texmf-dist/tex/latex/pgf/compatibility/pgfcomp-version
-1-18.sty
Package: pgfcomp-version-1-18 2007/07/23 v2.10 (rcs-revision 1.1)
))
(/usr/local/texlive/2012/texmf-dist/tex/latex/pgf/utilities/pgffor.sty
(/usr/local/texlive/2012/texmf-dist/tex/latex/pgf/utilities/pgfkeys.sty
(/usr/local/texlive/2012/texmf-dist/tex/generic/pgf/utilities/pgfkeys.code.tex)
) (/usr/local/texlive/2012/texmf-dist/tex/generic/pgf/utilities/pgffor.code.tex
Package: pgffor 2010/03/23 v2.10 (rcs-revision 1.18)
\pgffor@iter=\dimen173
\pgffor@skip=\dimen174
\pgffor@stack=\toks29
\pgffor@toks=\toks30
))
(/usr/local/texlive/2012/texmf-dist/tex/generic/pgf/frontendlayer/tikz/tikz.cod
e.tex
Package: tikz 2010/10/13 v2.10 (rcs-revision 1.76)

(/usr/local/texlive/2012/texmf-dist/tex/generic/pgf/libraries/pgflibraryplothan
dlers.code.tex
File: pgflibraryplothandlers.code.tex 2010/05/31 v2.10 (rcs-revision 1.15)
\pgf@plot@mark@count=\count114
\pgfplotmarksize=\dimen175
)
\tikz@lastx=\dimen176
\tikz@lasty=\dimen177
\tikz@lastxsaved=\dimen178
\tikz@lastysaved=\dimen179
\tikzleveldistance=\dimen180
\tikzsiblingdistance=\dimen181
\tikz@figbox=\box58
\tikz@tempbox=\box59
\tikztreelevel=\count115
\tikznumberofchildren=\count116
\tikznumberofcurrentchild=\count117
\tikz@fig@count=\count118

(/usr/local/texlive/2012/texmf-dist/tex/generic/pgf/modules/pgfmodulematrix.cod
e.tex
File: pgfmodulematrix.code.tex 2010/08/24  (rcs-revision 1.4)
\pgfmatrixcurrentrow=\count119
\pgfmatrixcurrentcolumn=\count120
\pgf@matrix@numberofcolumns=\count121
)
\tikz@expandcount=\count122

(/usr/local/texlive/2012/texmf-dist/tex/generic/pgf/frontendlayer/tikz/librarie
s/tikzlibrarytopaths.code.tex
File: tikzlibrarytopaths.code.tex 2008/06/17 v2.10 (rcs-revision 1.2)
)))
(/usr/local/texlive/2012/texmf-dist/tex/latex/multirow/multirow.sty
\bigstrutjot=\dimen182
)
No file 1210.aux.
\openout1 = `1210.aux'.

LaTeX Font Info:    Checking defaults for OML/cmm/m/it on input line 11.
LaTeX Font Info:    ... okay on input line 11.
LaTeX Font Info:    Checking defaults for T1/cmr/m/n on input line 11.
LaTeX Font Info:    ... okay on input line 11.
LaTeX Font Info:    Checking defaults for OT1/cmr/m/n on input line 11.
LaTeX Font Info:    ... okay on input line 11.
LaTeX Font Info:    Checking defaults for OMS/cmsy/m/n on input line 11.
LaTeX Font Info:    ... okay on input line 11.
LaTeX Font Info:    Checking defaults for OMX/cmex/m/n on input line 11.
LaTeX Font Info:    ... okay on input line 11.
LaTeX Font Info:    Checking defaults for U/cmr/m/n on input line 11.
LaTeX Font Info:    ... okay on input line 11.
LaTeX Font Info:    Checking defaults for JY1/mc/m/n on input line 11.
LaTeX Font Info:    ... okay on input line 11.
LaTeX Font Info:    Checking defaults for JT1/mc/m/n on input line 11.
LaTeX Font Info:    ... okay on input line 11.
ABD: EveryShipout initializing macros
LaTeX Font Info:    Font shape `JT1/mc/m/n' will be
(Font)              scaled to size 13.83836pt on input line 12.
LaTeX Font Info:    Font shape `JY1/mc/m/n' will be
(Font)              scaled to size 13.83836pt on input line 12.
LaTeX Font Info:    Font shape `JT1/mc/bx/n' in size <14.4> not available
(Font)              Font shape `JT1/gt/m/n' tried instead on input line 12.
LaTeX Font Info:    Font shape `JT1/gt/m/n' will be
(Font)              scaled to size 13.83836pt on input line 12.
LaTeX Font Info:    Font shape `JY1/mc/bx/n' in size <14.4> not available
(Font)              Font shape `JY1/gt/m/n' tried instead on input line 12.
LaTeX Font Info:    Font shape `JY1/gt/m/n' will be
(Font)              scaled to size 13.83836pt on input line 12.
LaTeX Font Info:    Font shape `JY1/mc/m/n' will be
(Font)              scaled to size 6.72699pt on input line 14.
LaTeX Font Info:    Font shape `JT1/mc/m/n' will be
(Font)              scaled to size 15.37598pt on input line 16.
LaTeX Font Info:    Font shape `JY1/mc/m/n' will be
(Font)              scaled to size 15.37598pt on input line 16.


LaTeX Font Warning: Font shape `OT1/cmr/m/n' in size <16> not available
(Font)              size <17.28> substituted on input line 16.

LaTeX Font Info:    Calculating math sizes for size <16> on input line 16.

LaTeX Font Warning: Font shape `OML/cmm/m/it' in size <16> not available
(Font)              size <17.28> substituted on input line 16.


LaTeX Font Warning: Font shape `OMS/cmsy/m/n' in size <16> not available
(Font)              size <17.28> substituted on input line 16.


LaTeX Font Warning: Font shape `OMX/cmex/m/n' in size <16> not available
(Font)              size <17.28> substituted on input line 16.

LaTeX Font Info:    Font shape `JY1/mc/m/n' will be
(Font)              scaled to size 10.76312pt on input line 16.

LaTeX Warning: Command \textcircled invalid in math mode on input line 16.

LaTeX Font Info:    Try loading font information for OMS+cmr on input line 16.
(/usr/local/texlive/2012/texmf-dist/tex/latex/base/omscmr.fd
File: omscmr.fd 1999/05/25 v2.5h Standard LaTeX font definitions
)
LaTeX Font Info:    Font shape `OMS/cmr/m/n' in size <16> not available
(Font)              Font shape `OMS/cmsy/m/n' tried instead on input line 16.


LaTeX Font Warning: Font shape `OMS/cmsy/m/n' in size <16> not available
(Font)              size <17.28> substituted on input line 16.


LaTeX Warning: Command \textcircled invalid in math mode on input line 16.


LaTeX Warning: Command \textcircled invalid in math mode on input line 16.


LaTeX Warning: Command \textcircled invalid in math mode on input line 16.


LaTeX Warning: Command \textcircled invalid in math mode on input line 16.


LaTeX Warning: Command \textcircled invalid in math mode on input line 16.


LaTeX Warning: Command \textcircled invalid in math mode on input line 16.


LaTeX Warning: Command \textcircled invalid in math mode on input line 16.


LaTeX Warning: Command \textcircled invalid in math mode on input line 16.


LaTeX Warning: Command \textcircled invalid in math mode on input line 16.


LaTeX Warning: Command \textcircled invalid in math mode on input line 16.


LaTeX Warning: Command \textcircled invalid in math mode on input line 16.


LaTeX Warning: Command \textcircled invalid in math mode on input line 16.


LaTeX Warning: Command \textcircled invalid in math mode on input line 16.


LaTeX Warning: Command \textcircled invalid in math mode on input line 16.


LaTeX Warning: Command \textcircled invalid in math mode on input line 16.


LaTeX Warning: Command \textcircled invalid in math mode on input line 16.


LaTeX Warning: Command \textcircled invalid in math mode on input line 16.


LaTeX Warning: Command \textcircled invalid in math mode on input line 16.


LaTeX Warning: Command \textcircled invalid in math mode on input line 16.


LaTeX Warning: Command \textcircled invalid in math mode on input line 17.


LaTeX Warning: Command \textcircled invalid in math mode on input line 17.


LaTeX Warning: Command \textcircled invalid in math mode on input line 17.


LaTeX Warning: Command \textcircled invalid in math mode on input line 17.


LaTeX Warning: Command \textcircled invalid in math mode on input line 17.


LaTeX Warning: Command \textcircled invalid in math mode on input line 17.


LaTeX Warning: Command \textcircled invalid in math mode on input line 17.


LaTeX Warning: Command \textcircled invalid in math mode on input line 17.


LaTeX Warning: Command \textcircled invalid in math mode on input line 17.


LaTeX Warning: Command \textcircled invalid in math mode on input line 17.


LaTeX Warning: Command \textcircled invalid in math mode on input line 17.


LaTeX Warning: Command \textcircled invalid in math mode on input line 17.


LaTeX Warning: Command \textcircled invalid in math mode on input line 17.


LaTeX Warning: Command \textcircled invalid in math mode on input line 17.


LaTeX Warning: Command \textcircled invalid in math mode on input line 17.


LaTeX Warning: Command \textcircled invalid in math mode on input line 17.


LaTeX Warning: Command \textcircled invalid in math mode on input line 17.


LaTeX Warning: Command \textcircled invalid in math mode on input line 17.


LaTeX Warning: Command \textcircled invalid in math mode on input line 17.


LaTeX Warning: Command \textcircled invalid in math mode on input line 17.


LaTeX Warning: Command \textcircled invalid in math mode on input line 18.


LaTeX Warning: Command \textcircled invalid in math mode on input line 18.


LaTeX Warning: Command \textcircled invalid in math mode on input line 18.


LaTeX Warning: Command \textcircled invalid in math mode on input line 18.


LaTeX Warning: Command \textcircled invalid in math mode on input line 18.


LaTeX Warning: Command \textcircled invalid in math mode on input line 18.


LaTeX Warning: Command \textcircled invalid in math mode on input line 18.


LaTeX Warning: Command \textcircled invalid in math mode on input line 18.


LaTeX Warning: Command \textcircled invalid in math mode on input line 18.


LaTeX Warning: Command \textcircled invalid in math mode on input line 18.


LaTeX Warning: Command \textcircled invalid in math mode on input line 18.


LaTeX Warning: Command \textcircled invalid in math mode on input line 18.


LaTeX Warning: Command \textcircled invalid in math mode on input line 18.


LaTeX Warning: Command \textcircled invalid in math mode on input line 18.


LaTeX Warning: Command \textcircled invalid in math mode on input line 18.


LaTeX Warning: Command \textcircled invalid in math mode on input line 18.


LaTeX Warning: Command \textcircled invalid in math mode on input line 18.


LaTeX Warning: Command \textcircled invalid in math mode on input line 18.


LaTeX Warning: Command \textcircled invalid in math mode on input line 18.


LaTeX Warning: Command \textcircled invalid in math mode on input line 18.


LaTeX Warning: Command \textcircled invalid in math mode on input line 19.


LaTeX Warning: Command \textcircled invalid in math mode on input line 19.


LaTeX Warning: Command \textcircled invalid in math mode on input line 19.


LaTeX Warning: Command \textcircled invalid in math mode on input line 19.


LaTeX Warning: Command \textcircled invalid in math mode on input line 19.


LaTeX Warning: Command \textcircled invalid in math mode on input line 19.


LaTeX Warning: Command \textcircled invalid in math mode on input line 19.


LaTeX Warning: Command \textcircled invalid in math mode on input line 19.


LaTeX Warning: Command \textcircled invalid in math mode on input line 19.


LaTeX Warning: Command \textcircled invalid in math mode on input line 19.


LaTeX Warning: Command \textcircled invalid in math mode on input line 19.


LaTeX Warning: Command \textcircled invalid in math mode on input line 19.


LaTeX Warning: Command \textcircled invalid in math mode on input line 19.


LaTeX Warning: Command \textcircled invalid in math mode on input line 19.


LaTeX Warning: Command \textcircled invalid in math mode on input line 19.


LaTeX Warning: Command \textcircled invalid in math mode on input line 19.


LaTeX Warning: Command \textcircled invalid in math mode on input line 19.


LaTeX Warning: Command \textcircled invalid in math mode on input line 19.


LaTeX Warning: Command \textcircled invalid in math mode on input line 19.


LaTeX Warning: Command \textcircled invalid in math mode on input line 19.


LaTeX Warning: Command \textcircled invalid in math mode on input line 20.


LaTeX Warning: Command \textcircled invalid in math mode on input line 20.


LaTeX Warning: Command \textcircled invalid in math mode on input line 20.


LaTeX Warning: Command \textcircled invalid in math mode on input line 20.


LaTeX Warning: Command \textcircled invalid in math mode on input line 20.


LaTeX Warning: Command \textcircled invalid in math mode on input line 20.


LaTeX Warning: Command \textcircled invalid in math mode on input line 20.


LaTeX Warning: Command \textcircled invalid in math mode on input line 20.


LaTeX Warning: Command \textcircled invalid in math mode on input line 20.


LaTeX Warning: Command \textcircled invalid in math mode on input line 20.


LaTeX Warning: Command \textcircled invalid in math mode on input line 20.


LaTeX Warning: Command \textcircled invalid in math mode on input line 20.


LaTeX Warning: Command \textcircled invalid in math mode on input line 20.


LaTeX Warning: Command \textcircled invalid in math mode on input line 20.


LaTeX Warning: Command \textcircled invalid in math mode on input line 20.


LaTeX Warning: Command \textcircled invalid in math mode on input line 20.


LaTeX Warning: Command \textcircled invalid in math mode on input line 20.


LaTeX Warning: Command \textcircled invalid in math mode on input line 20.


LaTeX Warning: Command \textcircled invalid in math mode on input line 20.


LaTeX Warning: Command \textcircled invalid in math mode on input line 20.


LaTeX Warning: Command \textcircled invalid in math mode on input line 21.


LaTeX Warning: Command \textcircled invalid in math mode on input line 21.


LaTeX Warning: Command \textcircled invalid in math mode on input line 21.


LaTeX Warning: Command \textcircled invalid in math mode on input line 21.


LaTeX Warning: Command \textcircled invalid in math mode on input line 21.


LaTeX Warning: Command \textcircled invalid in math mode on input line 21.


LaTeX Warning: Command \textcircled invalid in math mode on input line 21.


LaTeX Warning: Command \textcircled invalid in math mode on input line 21.


LaTeX Warning: Command \textcircled invalid in math mode on input line 21.


LaTeX Warning: Command \textcircled invalid in math mode on input line 21.


LaTeX Warning: Command \textcircled invalid in math mode on input line 21.


LaTeX Warning: Command \textcircled invalid in math mode on input line 21.


LaTeX Warning: Command \textcircled invalid in math mode on input line 21.


LaTeX Warning: Command \textcircled invalid in math mode on input line 21.


LaTeX Warning: Command \textcircled invalid in math mode on input line 21.


LaTeX Warning: Command \textcircled invalid in math mode on input line 21.


LaTeX Warning: Command \textcircled invalid in math mode on input line 21.


LaTeX Warning: Command \textcircled invalid in math mode on input line 21.


LaTeX Warning: Command \textcircled invalid in math mode on input line 21.


LaTeX Warning: Command \textcircled invalid in math mode on input line 21.


LaTeX Warning: Command \textcircled invalid in math mode on input line 22.


LaTeX Warning: Command \textcircled invalid in math mode on input line 22.


LaTeX Warning: Command \textcircled invalid in math mode on input line 22.


LaTeX Warning: Command \textcircled invalid in math mode on input line 22.


LaTeX Warning: Command \textcircled invalid in math mode on input line 22.


LaTeX Warning: Command \textcircled invalid in math mode on input line 22.


LaTeX Warning: Command \textcircled invalid in math mode on input line 22.


LaTeX Warning: Command \textcircled invalid in math mode on input line 22.


LaTeX Warning: Command \textcircled invalid in math mode on input line 22.


LaTeX Warning: Command \textcircled invalid in math mode on input line 22.


LaTeX Warning: Command \textcircled invalid in math mode on input line 22.


LaTeX Warning: Command \textcircled invalid in math mode on input line 22.


LaTeX Warning: Command \textcircled invalid in math mode on input line 22.


LaTeX Warning: Command \textcircled invalid in math mode on input line 22.


LaTeX Warning: Command \textcircled invalid in math mode on input line 22.


LaTeX Warning: Command \textcircled invalid in math mode on input line 22.


LaTeX Warning: Command \textcircled invalid in math mode on input line 22.


LaTeX Warning: Command \textcircled invalid in math mode on input line 22.


LaTeX Warning: Command \textcircled invalid in math mode on input line 22.


LaTeX Warning: Command \textcircled invalid in math mode on input line 22.


LaTeX Warning: Command \textcircled invalid in math mode on input line 23.


LaTeX Warning: Command \textcircled invalid in math mode on input line 23.


LaTeX Warning: Command \textcircled invalid in math mode on input line 23.


LaTeX Warning: Command \textcircled invalid in math mode on input line 23.


LaTeX Warning: Command \textcircled invalid in math mode on input line 23.


LaTeX Warning: Command \textcircled invalid in math mode on input line 23.


LaTeX Warning: Command \textcircled invalid in math mode on input line 23.


LaTeX Warning: Command \textcircled invalid in math mode on input line 23.


LaTeX Warning: Command \textcircled invalid in math mode on input line 23.


LaTeX Warning: Command \textcircled invalid in math mode on input line 23.


LaTeX Warning: Command \textcircled invalid in math mode on input line 23.


LaTeX Warning: Command \textcircled invalid in math mode on input line 23.


LaTeX Warning: Command \textcircled invalid in math mode on input line 23.


LaTeX Warning: Command \textcircled invalid in math mode on input line 23.


LaTeX Warning: Command \textcircled invalid in math mode on input line 23.


LaTeX Warning: Command \textcircled invalid in math mode on input line 23.


LaTeX Warning: Command \textcircled invalid in math mode on input line 23.


LaTeX Warning: Command \textcircled invalid in math mode on input line 23.


LaTeX Warning: Command \textcircled invalid in math mode on input line 23.


LaTeX Warning: Command \textcircled invalid in math mode on input line 23.


LaTeX Warning: Command \textcircled invalid in math mode on input line 24.


LaTeX Warning: Command \textcircled invalid in math mode on input line 24.


LaTeX Warning: Command \textcircled invalid in math mode on input line 24.


LaTeX Warning: Command \textcircled invalid in math mode on input line 24.


LaTeX Warning: Command \textcircled invalid in math mode on input line 24.


LaTeX Warning: Command \textcircled invalid in math mode on input line 24.


LaTeX Warning: Command \textcircled invalid in math mode on input line 24.


LaTeX Warning: Command \textcircled invalid in math mode on input line 24.


LaTeX Warning: Command \textcircled invalid in math mode on input line 24.


LaTeX Warning: Command \textcircled invalid in math mode on input line 24.


LaTeX Warning: Command \textcircled invalid in math mode on input line 24.


LaTeX Warning: Command \textcircled invalid in math mode on input line 24.


LaTeX Warning: Command \textcircled invalid in math mode on input line 24.


LaTeX Warning: Command \textcircled invalid in math mode on input line 24.


LaTeX Warning: Command \textcircled invalid in math mode on input line 24.


LaTeX Warning: Command \textcircled invalid in math mode on input line 24.


LaTeX Warning: Command \textcircled invalid in math mode on input line 24.


LaTeX Warning: Command \textcircled invalid in math mode on input line 24.


LaTeX Warning: Command \textcircled invalid in math mode on input line 24.


LaTeX Warning: Command \textcircled invalid in math mode on input line 24.

[1

] (./1210.aux)

LaTeX Font Warning: Size substitutions with differences
(Font)              up to 1.28pt have occurred.

 ) 
Here is how much of TeX's memory you used:
 9653 strings out of 494059
 182682 string characters out of 3156205
 245313 words of memory out of 3000000
 12909 multiletter control sequences out of 15000+200000
 14288 words of font info for 62 fonts, out of 3000000 for 9000
 750 hyphenation exceptions out of 8191
 56i,15n,55p,430b,288s stack positions out of 5000i,500n,10000p,200000b,50000s

Output written on 1210.dvi (1 page, 10240 bytes).
